0 info it worked if it ends with ok
1 verbose cli [ '/Users/jwalsh/.nvm/versions/io.js/v2.5.0/bin/iojs',
1 verbose cli   '/Users/jwalsh/.nvm/versions/io.js/v2.5.0/bin/npm',
1 verbose cli   'publish' ]
2 info using npm@2.13.2
3 info using node@v2.5.0
4 verbose publish [ '.' ]
5 silly cache add args [ '.', null ]
6 verbose cache add spec .
7 silly cache add parsed spec { raw: '.',
7 silly cache add   scope: null,
7 silly cache add   name: null,
7 silly cache add   rawSpec: '.',
7 silly cache add   spec: '/Users/jwalsh/sandbox/ingress-glyphs/example',
7 silly cache add   type: 'local' }
8 error addLocal Could not install /Users/jwalsh/sandbox/ingress-glyphs/example
9 verbose stack Error: EISDIR: illegal operation on a directory, read
9 verbose stack     at Error (native)
10 verbose cwd /Users/jwalsh/sandbox/ingress-glyphs/example
11 error Darwin 14.5.0
12 error argv "/Users/jwalsh/.nvm/versions/io.js/v2.5.0/bin/iojs" "/Users/jwalsh/.nvm/versions/io.js/v2.5.0/bin/npm" "publish"
13 error node v2.5.0
14 error npm  v2.13.2
15 error code EISDIR
16 error errno -21
17 error syscall read
18 error EISDIR: illegal operation on a directory, read
19 error If you need help, you may report this error at:
19 error     <https://github.com/npm/npm/issues>
20 verbose exit [ -21, true ]
